{"/Users/pedroagont/Developer/master-code-g7/06_Patterns/04_Testing/substract.js": {"path":"/Users/pedroagont/Developer/master-code-g7/06_Patterns/04_Testing/substract.js","statementMap":{"0":{"start":{"line":2,"column":2},"end":{"line":2,"column":15}},"1":{"start":{"line":5,"column":0},"end":{"line":5,"column":27}}},"fnMap":{"0":{"name":"substract","decl":{"start":{"line":1,"column":9},"end":{"line":1,"column":18}},"loc":{"start":{"line":1,"column":25},"end":{"line":3,"column":1}},"line":1}},"branchMap":{},"s":{"0":1,"1":1},"f":{"0":1},"b":{},"_coverageSchema":"1a1c01bbd47fc00a2c39e90264f33305004495a9","hash":"05e96ae10737ba584d9098d38957d44b61ce03e1"}
,"/Users/pedroagont/Developer/master-code-g7/06_Patterns/04_Testing/sum.js": {"path":"/Users/pedroagont/Developer/master-code-g7/06_Patterns/04_Testing/sum.js","statementMap":{"0":{"start":{"line":2,"column":2},"end":{"line":2,"column":15}},"1":{"start":{"line":5,"column":0},"end":{"line":5,"column":21}}},"fnMap":{"0":{"name":"sum","decl":{"start":{"line":1,"column":9},"end":{"line":1,"column":12}},"loc":{"start":{"line":1,"column":19},"end":{"line":3,"column":1}},"line":1}},"branchMap":{},"s":{"0":2,"1":1},"f":{"0":2},"b":{},"_coverageSchema":"1a1c01bbd47fc00a2c39e90264f33305004495a9","hash":"559684f7972e51c064ae22cb78fcb220f5b53cd2"}
}
